<?xml version="1.0" encoding="UTF-8"?>
<!-- Generated by org.testng.reporters.JUnitXMLReporter -->
<testsuite ignored="0" hostname="Pratham-Sangar" failures="0" tests="3" name="Default test" time="35.031" errors="0" timestamp="2024-04-15T17:12:59 IST">
  <testcase classname="org.hcode.tests.UploadTestCases" name="clickUploadExists" time="3.243"/>
  <testcase classname="org.hcode.tests.UploadTestCases" name="testFileUpload" time="2.701"/>
  <testcase classname="org.hcode.tests.UploadTestCases" name="testFileUpload" time="1.585"/>
</testsuite> <!-- Default test -->
