<?xml version="1.0" encoding="UTF-8"?>
<!-- Generated by org.testng.reporters.JUnitXMLReporter -->
<testsuite ignored="0" hostname="Pratham-Sangar" failures="0" tests="7" name="Test" time="58.876" errors="0" timestamp="2024-04-16T10:44:49 IST">
  <testcase classname="org.hcode.tests.UploadTestCases" name="clickUploadExists" time="2.363"/>
  <testcase classname="org.hcode.tests.CommonWebElementsTests" name="commonTest" time="3.982"/>
  <testcase classname="org.hcode.tests.CommonWebElementsTests" name="clickHatchBack" time="1.818"/>
  <testcase classname="org.hcode.tests.WebTablesTests" name="findName" time="1.782"/>
  <testcase classname="org.hcode.tests.UploadTestCases" name="testFileUpload" time="3.586"/>
  <testcase classname="org.hcode.tests.CarDetailsTests" name="printCarDataTest" time="19.299"/>
  <testcase classname="org.hcode.tests.UploadTestCases" name="testFileUpload" time="1.988"/>
</testsuite> <!-- Test -->
