<?xml version="1.0" encoding="UTF-8"?>
<!-- Generated by org.testng.reporters.JUnitXMLReporter -->
<testsuite ignored="0" hostname="Pratham-Sangar" failures="1" tests="6" name="Test" time="52.966" errors="0" timestamp="2024-04-14T00:11:49 IST">
  <testcase classname="org.hcode.tests.UploadTestCases" name="clickUploadExists" time="3.232"/>
  <testcase classname="org.hcode.tests.CommonWebElementsTests" name="commonTest" time="0.984"/>
  <testcase classname="org.hcode.tests.CommonWebElementsTests" name="clickHatchBack" time="0.715"/>
  <testcase classname="org.hcode.tests.WebTablesTests" name="findName" time="0.405">
    <failure type="java.lang.AssertionError" message="Shri Prashant Kumar is not present in the list. expected [true] but found [false]">
      <![CDATA[java.lang.AssertionError: Shri Prashant Kumar is not present in the list. expected [true] but found [false]
at org.hcode.tests.WebTablesTests.findName(WebTablesTests.java:26)
at java.base/java.util.concurrent.Executors$RunnableAdapter.call(Executors.java:515)
at java.base/java.util.concurrent.FutureTask.run(FutureTask.java:264)
at java.base/java.util.concurrent.ThreadPoolExecutor.runWorker(ThreadPoolExecutor.java:1130)
at java.base/java.util.concurrent.ThreadPoolExecutor$Worker.run(ThreadPoolExecutor.java:630)
at java.base/java.lang.Thread.run(Thread.java:832)
... Removed 16 stack frames]]>
    </failure>
  </testcase> <!-- findName -->
  <testcase classname="org.hcode.tests.UploadTestCases" name="testFileUpload" time="2.833"/>
  <testcase classname="org.hcode.tests.CarDetailsTests" name="printCarDataTest" time="13.15"/>
</testsuite> <!-- Test -->
