<?xml version="1.0" encoding="UTF-8"?>
<!-- Generated by org.testng.reporters.JUnitXMLReporter -->
<testsuite ignored="0" hostname="Pratham-Sangar" failures="0" tests="6" name="Test" time="59.546" errors="0" timestamp="2024-04-15T12:19:41 IST">
  <testcase classname="org.hcode.tests.UploadTestCases" name="clickUploadExists" time="3.241"/>
  <testcase classname="org.hcode.tests.CommonWebElementsTests" name="clickHatchBack" time="0.47"/>
  <testcase classname="org.hcode.tests.WebTablesTests" name="findName" time="0.989"/>
  <testcase classname="org.hcode.tests.CommonWebElementsTests" name="commonTest" time="0.487"/>
  <testcase classname="org.hcode.tests.CarDetailsTests" name="printCarDataTest" time="19.904"/>
  <testcase classname="org.hcode.tests.UploadTestCases" name="testFileUpload" time="5.568"/>
</testsuite> <!-- Test -->
