<?xml version="1.0" encoding="UTF-8"?>
<!-- Generated by org.testng.reporters.JUnitXMLReporter -->
<testsuite ignored="0" hostname="Pratham-Sangar" failures="0" tests="6" name="Test" time="61.613" errors="0" timestamp="2024-04-15T00:18:18 IST">
  <testcase classname="org.hcode.tests.UploadTestCases" name="clickUploadExists" time="3.263"/>
  <testcase classname="org.hcode.tests.CommonWebElementsTests" name="clickHatchBack" time="0.971"/>
  <testcase classname="org.hcode.tests.CommonWebElementsTests" name="commonTest" time="0.777"/>
  <testcase classname="org.hcode.tests.WebTablesTests" name="findName" time="0.722"/>
  <testcase classname="org.hcode.tests.CarDetailsTests" name="printCarDataTest" time="19.728"/>
  <testcase classname="org.hcode.tests.UploadTestCases" name="testFileUpload" time="2.632"/>
</testsuite> <!-- Test -->
