<?xml version="1.0" encoding="UTF-8"?>
<testng-results ignored="0" total="6" passed="6" failed="0" skipped="0">
  <reporter-output>
  </reporter-output>
  <suite started-at="2024-04-15T12:18:42 IST" name="Suite" finished-at="2024-04-15T12:19:41 IST" duration-ms="59546">
    <groups>
    </groups>
    <test started-at="2024-04-15T12:18:42 IST" name="Test" finished-at="2024-04-15T12:19:41 IST" duration-ms="59546">
      <class name="org.hcode.tests.CarDetailsTests">
        <test-method is-config="true" signature="setUp()[pri:0, instance:org.hcode.tests.CarDetailsTests@26e356f0]" started-at="2024-04-15T12:18:42 IST" name="setUp" finished-at="2024-04-15T12:19:20 IST" duration-ms="37907" status="PASS">
          <reporter-output>
          </reporter-output>
        </test-method> <!-- setUp -->
        <test-method signature="printCarDataTest()[pri:0, instance:org.hcode.tests.CarDetailsTests@26e356f0]" started-at="2024-04-15T12:19:20 IST" name="printCarDataTest" finished-at="2024-04-15T12:19:40 IST" duration-ms="19904" status="PASS">
          <reporter-output>
          </reporter-output>
        </test-method> <!-- printCarDataTest -->
        <test-method is-config="true" signature="tearDown()[pri:0, instance:org.hcode.tests.CarDetailsTests@26e356f0]" started-at="2024-04-15T12:19:40 IST" name="tearDown" finished-at="2024-04-15T12:19:41 IST" duration-ms="1529" status="PASS">
          <reporter-output>
          </reporter-output>
        </test-method> <!-- tearDown -->
      </class> <!-- org.hcode.tests.CarDetailsTests -->
      <class name="org.hcode.tests.UploadTestCases">
        <test-method is-config="true" signature="setUp()[pri:0, instance:org.hcode.tests.UploadTestCases@6fd83fc1]" started-at="2024-04-15T12:18:42 IST" name="setUp" finished-at="2024-04-15T12:19:06 IST" duration-ms="24218" status="PASS">
          <reporter-output>
          </reporter-output>
        </test-method> <!-- setUp -->
        <test-method signature="clickUploadExists()[pri:0, instance:org.hcode.tests.UploadTestCases@6fd83fc1]" started-at="2024-04-15T12:19:06 IST" name="clickUploadExists" finished-at="2024-04-15T12:19:09 IST" duration-ms="3241" status="PASS">
          <reporter-output>
          </reporter-output>
        </test-method> <!-- clickUploadExists -->
        <test-method is-config="true" signature="tearDown()[pri:0, instance:org.hcode.tests.UploadTestCases@6fd83fc1]" started-at="2024-04-15T12:19:09 IST" name="tearDown" finished-at="2024-04-15T12:19:19 IST" duration-ms="9995" status="PASS">
          <reporter-output>
          </reporter-output>
        </test-method> <!-- tearDown -->
        <test-method is-config="true" signature="setUp()[pri:0, instance:org.hcode.tests.UploadTestCases@6fd83fc1]" started-at="2024-04-15T12:19:30 IST" name="setUp" finished-at="2024-04-15T12:19:35 IST" duration-ms="4730" status="PASS">
          <reporter-output>
          </reporter-output>
        </test-method> <!-- setUp -->
        <test-method signature="testFileUpload(java.lang.String)[pri:0, instance:org.hcode.tests.UploadTestCases@6fd83fc1]" started-at="2024-04-15T12:19:35 IST" name="testFileUpload" data-provider="filePaths" finished-at="2024-04-15T12:19:41 IST" depends-on-methods="org.hcode.tests.UploadTestCases.clickUploadExists" duration-ms="5568" status="PASS">
          <params>
            <param index="0">
              <value>
                <![CDATA[C:\Users\dev\Desktop\pratham\cbimage (4).png]]>
              </value>
            </param>
          </params>
          <reporter-output>
          </reporter-output>
        </test-method> <!-- testFileUpload -->
        <test-method is-config="true" signature="tearDown()[pri:0, instance:org.hcode.tests.UploadTestCases@6fd83fc1]" started-at="2024-04-15T12:19:41 IST" name="tearDown" finished-at="2024-04-15T12:19:41 IST" duration-ms="752" status="PASS">
          <reporter-output>
          </reporter-output>
        </test-method> <!-- tearDown -->
      </class> <!-- org.hcode.tests.UploadTestCases -->
      <class name="org.hcode.tests.CommonWebElementsTests">
        <test-method is-config="true" signature="setUp()[pri:0, instance:org.hcode.tests.CommonWebElementsTests@47d9a273]" started-at="2024-04-15T12:18:42 IST" name="setUp" finished-at="2024-04-15T12:19:18 IST" duration-ms="35474" status="PASS">
          <reporter-output>
          </reporter-output>
        </test-method> <!-- setUp -->
        <test-method is-config="true" signature="setUp()[pri:0, instance:org.hcode.tests.CommonWebElementsTests@47d9a273]" started-at="2024-04-15T12:18:42 IST" name="setUp" finished-at="2024-04-15T12:19:29 IST" duration-ms="46689" status="PASS">
          <reporter-output>
          </reporter-output>
        </test-method> <!-- setUp -->
        <test-method signature="clickHatchBack()[pri:0, instance:org.hcode.tests.CommonWebElementsTests@47d9a273]" started-at="2024-04-15T12:19:18 IST" name="clickHatchBack" finished-at="2024-04-15T12:19:18 IST" duration-ms="470" status="PASS">
          <reporter-output>
          </reporter-output>
        </test-method> <!-- clickHatchBack -->
        <test-method is-config="true" signature="tearDown()[pri:0, instance:org.hcode.tests.CommonWebElementsTests@47d9a273]" started-at="2024-04-15T12:19:18 IST" name="tearDown" finished-at="2024-04-15T12:19:20 IST" duration-ms="1954" status="PASS">
          <reporter-output>
          </reporter-output>
        </test-method> <!-- tearDown -->
        <test-method signature="commonTest()[pri:0, instance:org.hcode.tests.CommonWebElementsTests@47d9a273]" started-at="2024-04-15T12:19:29 IST" name="commonTest" finished-at="2024-04-15T12:19:29 IST" duration-ms="487" status="PASS">
          <reporter-output>
          </reporter-output>
        </test-method> <!-- commonTest -->
        <test-method is-config="true" signature="tearDown()[pri:0, instance:org.hcode.tests.CommonWebElementsTests@47d9a273]" started-at="2024-04-15T12:19:29 IST" name="tearDown" finished-at="2024-04-15T12:19:30 IST" duration-ms="807" status="PASS">
          <reporter-output>
          </reporter-output>
        </test-method> <!-- tearDown -->
      </class> <!-- org.hcode.tests.CommonWebElementsTests -->
      <class name="org.hcode.tests.WebTablesTests">
        <test-method is-config="true" signature="setUp()[pri:0, instance:org.hcode.tests.WebTablesTests@4b8ee4de]" started-at="2024-04-15T12:18:42 IST" name="setUp" finished-at="2024-04-15T12:19:18 IST" duration-ms="35938" status="PASS">
          <reporter-output>
          </reporter-output>
        </test-method> <!-- setUp -->
        <test-method signature="findName()[pri:0, instance:org.hcode.tests.WebTablesTests@4b8ee4de]" started-at="2024-04-15T12:19:18 IST" name="findName" finished-at="2024-04-15T12:19:19 IST" duration-ms="989" status="PASS">
          <reporter-output>
          </reporter-output>
        </test-method> <!-- findName -->
        <test-method is-config="true" signature="tearDown()[pri:0, instance:org.hcode.tests.WebTablesTests@4b8ee4de]" started-at="2024-04-15T12:19:19 IST" name="tearDown" finished-at="2024-04-15T12:19:21 IST" duration-ms="2159" status="PASS">
          <reporter-output>
          </reporter-output>
        </test-method> <!-- tearDown -->
      </class> <!-- org.hcode.tests.WebTablesTests -->
    </test> <!-- Test -->
  </suite> <!-- Suite -->
</testng-results>
