<?xml version="1.0" encoding="UTF-8"?>
<testsuite xmlns:xsi="http://www.w3.org/2001/XMLSchema-instance" xsi:noNamespaceSchemaLocation="https://maven.apache.org/surefire/maven-surefire-plugin/xsd/surefire-test-report-3.0.xsd" version="3.0" name="TestSuite" time="65.49" tests="6" errors="0" skipped="0" failures="0">
  <properties>
[...]
</properties>
  <testcase name="clickUploadExists" classname="org.hcode.tests.UploadTestCases" time="3.268">
    <system-err><![CDATA[SLF4J: Failed to load class "org.slf4j.impl.StaticLoggerBinder".
SLF4J: Defaulting to no-operation (NOP) logger implementation
SLF4J: See http://www.slf4j.org/codes.html#StaticLoggerBinder for further details.
Apr 15, 2024 12:17:23 AM org.openqa.selenium.devtools.CdpVersionFinder findNearestMatch
WARNING: Unable to find an exact match for CDP version 123, returning the closest version; found: 122; Please update to a Selenium version that supports CDP version 123
Apr 15, 2024 12:17:24 AM org.openqa.selenium.devtools.CdpVersionFinder findNearestMatch
WARNING: Unable to find an exact match for CDP version 123, returning the closest version; found: 122; Please update to a Selenium version that supports CDP version 123
Apr 15, 2024 12:17:24 AM org.openqa.selenium.devtools.CdpVersionFinder findNearestMatch
WARNING: Unable to find an exact match for CDP version 123, returning the closest version; found: 122; Please update to a Selenium version that supports CDP version 123
Apr 15, 2024 12:17:24 AM org.openqa.selenium.devtools.CdpVersionFinder findNearestMatch
WARNING: Unable to find an exact match for CDP version 123, returning the closest version; found: 122; Please update to a Selenium version that supports CDP version 123
Apr 15, 2024 12:17:24 AM org.openqa.selenium.devtools.CdpVersionFinder findNearestMatch
WARNING: Unable to find an exact match for CDP version 123, returning the closest version; found: 122; Please update to a Selenium version that supports CDP version 123
]]></system-err>
  </testcase>
  <testcase name="testFileUpload[C:\Users\dev\Desktop\pratham\cbimage (4).png](1)" classname="org.hcode.tests.UploadTestCases" time="2.632"/>
  <testcase name="clickHatchBack" classname="org.hcode.tests.CommonWebElementsTests" time="0.971">
    <system-err><![CDATA[ERROR StatusLogger Log4j2 could not find a logging implementation. Please add log4j-core to the classpath. Using SimpleLogger to log to the console...
]]></system-err>
  </testcase>
  <testcase name="commonTest" classname="org.hcode.tests.CommonWebElementsTests" time="0.679">
    <system-out><![CDATA[Shri Hitesh Kumar S. Makwana
I.A.S
Shri S.K.Sinha
Shri Prashant Kumar
Shri Prashant Kumar
Shri Nitin Joshi
Shri S S Chauhan, IRSME
Shri Pardeep Singh
Shri Upkar Pathak
Shri Misal Roshan Srivastava
Shri Sidhant Sen
Shri Arjun SIngh
Shri Hitesh Kumar S. Makwana
I.A.S
Shri S.K.Sinha
Shri Prashant Kumar
Shri Prashant Kumar
Shri Nitin Joshi
Shri S S Chauhan, IRSME
Shri Pardeep Singh
Shri Upkar Pathak
Shri Misal Roshan Srivastava
Shri Sidhant Sen
Shri Arjun SIngh
Shri Hitesh Kumar S. Makwana
I.A.S
Shri S.K.Sinha
Shri Prashant Kumar
Shri Prashant Kumar
Shri Nitin Joshi
Shri S S Chauhan, IRSME
Shri Pardeep Singh
Shri Upkar Pathak
Hyundai i10
Maruti Baleno
Honda City
Maruti Wagon R
Hyundai i20
Maruti Dzire
Honda Amaze
Maruti Swift
Maruti Ciaz
Renault Kwid
]]></system-out>
  </testcase>
  <testcase name="findName" classname="org.hcode.tests.WebTablesTests" time="0.722">
    <system-out><![CDATA[Shri Misal Roshan Srivastava
Shri Sidhant Sen
Shri Arjun SIngh
]]></system-out>
  </testcase>
  <testcase name="printCarDataTest" classname="org.hcode.tests.CarDetailsTests" time="2.087">
    <system-out><![CDATA[Car 1 data:
UploadFiles
Car Name: 2019 Maruti Swift LXI
Car Kilometers: 31,466 KM
Car Transmission: MANUAL
Car Extra Highlight: REGULARLY SERVICED
Car Rate: ₹5.18 Lakh
Car EMI Details: EMIs from ₹10,127/month
----------------------------------------------
Car 2 data:
Car Name: 2017 Maruti Wagon R 1.0 LXI
Car Kilometers: 79,416 KM
Car Transmission: MANUAL
Car Extra Highlight: LOW RUNNING COST
Car Rate: ₹3.30 Lakh
Car EMI Details: EMIs from ₹6,452/month
----------------------------------------------
Car 3 data:
Car Name: 2022 Maruti Vitara Brezza VXI AT SHVS
Car Kilometers: 1,402 KM
Car Transmission: AUTOMATIC
Car Extra Highlight: STANDARD SAFETY FEATURES
Car Rate: ₹10.64 Lakh
Car EMI Details: EMIs from ₹20,252/month
----------------------------------------------
Car 4 data:
Car Name: 2018 Maruti Alto 800 LXI
Car Kilometers: 89,267 KM
Car Transmission: MANUAL
Car Extra Highlight: LOW RUNNING COST
Car Rate: ₹2.78 Lakh
Car EMI Details: EMIs from ₹5,435/month
----------------------------------------------
Car 5 data:
Car Name: 2019 Maruti New Wagon-R LXI 1.0
Car Kilometers: 13,720 KM
Car Transmission: MANUAL
Car Extra Highlight: REGULARLY SERVICED
Car Rate: ₹4.75 Lakh
Car EMI Details: EMIs from ₹9,286/month
----------------------------------------------
Car 6 data:
Car Name: 2019 Maruti Swift ZXI PLUS AMT
Car Kilometers: 36,023 KM
Car Transmission: AUTOMATIC
Car Extra Highlight: TOP MODEL
Car Rate: ₹6.31 Lakh
Car EMI Details: EMIs from ₹12,336/month
----------------------------------------------
Car 7 data:
Car Name: 2022 Maruti Celerio VXI CNG
Car Kilometers: 6,790 KM
Car Transmission: MANUAL
Car Extra Highlight: REGULARLY SERVICED
Car Rate: ₹6.20 Lakh
Car EMI Details: EMIs from ₹12,121/month
----------------------------------------------
Car 8 data:
Car Name: 2022 Maruti Baleno ZETA PETROL 1.2
Car Kilometers: 15,515 KM
Car Transmission: MANUAL
Car Extra Highlight: ALLOY WHEELS
Car Rate: ₹8.61 Lakh
Car EMI Details: EMIs from ₹16,388/month
----------------------------------------------
Car 9 data:
Car Name: 2012 Maruti Wagon R 1.0 VXI
Car Kilometers: 30,121 KM
Car Transmission: MANUAL
Car Extra Highlight: TOP MODEL
Car Rate: ₹2.07 Lakh
Car EMI Details: EMIs from ₹6,875/month
----------------------------------------------
Car 10 data:
Car Name: 2010 Maruti Wagon R 1.0 VXI
Car Kilometers: 84,625 KM
Car Transmission: MANUAL
Car Extra Highlight: TOP MODEL
Car Rate: ₹1.42 Lakh
Car EMI Details: EMIs from ₹12,617/month
----------------------------------------------
Car 11 data:
Car Name: 2021 Maruti Baleno DELTA PETROL 1.2
Car Kilometers: 12,577 KM
Car Transmission: MANUAL
Car Extra Highlight: REGULARLY SERVICED
Car Rate: ₹7.21 Lakh
Car EMI Details: EMIs from ₹14,096/month
----------------------------------------------
Car 12 data:
Car Name: 2018 Maruti Celerio VXI
Car Kilometers: 52,238 KM
Car Transmission: MANUAL
Car Extra Highlight: 100% TYRE LIFE REMAINING
Car Rate: ₹3.98 Lakh
Car EMI Details: EMIs from ₹7,781/month
----------------------------------------------
Car 13 data:
Car Name: 2017 Maruti Dzire LXI
Car Kilometers: 22,148 KM
Car Transmission: MANUAL
Car Extra Highlight: STANDARD SAFETY FEATURES
Car Rate: ₹5.13 Lakh
Car EMI Details: EMIs from ₹10,029/month
----------------------------------------------
Car 14 data:
Car Name: 2013 Maruti Wagon R 1.0 VXI
Car Kilometers: 48,692 KM
Car Transmission: MANUAL
Car Extra Highlight: TOP MODEL
Car Rate: ₹2.79 Lakh
Car EMI Details: EMIs from ₹7,347/month
----------------------------------------------
Car 15 data:
Car Name: 2018 Maruti Dzire VXI AMT
Car Kilometers: 45,657 KM
Car Transmission: AUTOMATIC
Car Extra Highlight: REGULARLY SERVICED
Car Rate: ₹5.24 Lakh
Car EMI Details: EMIs from ₹10,244/month
----------------------------------------------
Car 16 data:
Car Name: 2016 Maruti Baleno ZETA PETROL 1.2
Car Kilometers: 96,466 KM
Car Transmission: MANUAL
Car Extra Highlight: ALLOY WHEELS
Car Rate: ₹4.59 Lakh
Car EMI Details: EMIs from ₹8,974/month
----------------------------------------------
Car 17 data:
Car Name: 2010 Maruti Wagon R 1.0 VXI
Car Kilometers: 61,569 KM
Car Transmission: MANUAL
Car Extra Highlight: TOP MODEL
Car Rate: ₹1.60 Lakh
Car EMI Details: EMIs from ₹14,216/month
----------------------------------------------
Car 18 data:
Car Name: 2018 Maruti Baleno ALPHA DIESEL 1.3
Car Kilometers: 62,411 KM
Car Transmission: MANUAL
Car Extra Highlight: TOP MODEL
Car Rate: ₹5.15 Lakh
Car EMI Details: EMIs from ₹13,562/month
----------------------------------------------
Car 19 data:
Car Name: 2022 Maruti Swift ZXI PLUS
Car Kilometers: 24,626 KM
Car Transmission: MANUAL
Car Extra Highlight: TOP MODEL
Car Rate: ₹8.01 Lakh
Car EMI Details: EMIs from ₹15,246/month
----------------------------------------------
Car 20 data:
Car Name: 2019 Maruti New Wagon-R VXI 1.2 AMT
Car Kilometers: 12,716 KM
Car Transmission: AUTOMATIC
Car Extra Highlight: REGULARLY SERVICED
Car Rate: ₹5.69 Lakh
Car EMI Details: EMIs from ₹11,124/month
----------------------------------------------
]]></system-out>
    <system-err><![CDATA[Apr 15, 2024 12:18:09 AM org.openqa.selenium.devtools.CdpVersionFinder findNearestMatch
WARNING: Unable to find an exact match for CDP version 123, returning the closest version; found: 122; Please update to a Selenium version that supports CDP version 123
]]></system-err>
  </testcase>
</testsuite>