<?xml version="1.0" encoding="UTF-8"?>
<testng-results ignored="0" total="6" passed="6" failed="0" skipped="0">
  <reporter-output>
  </reporter-output>
  <suite started-at="2024-04-15T00:17:17 IST" name="Suite" finished-at="2024-04-15T00:18:18 IST" duration-ms="61613">
    <groups>
    </groups>
    <test started-at="2024-04-15T00:17:17 IST" name="Test" finished-at="2024-04-15T00:18:18 IST" duration-ms="61613">
      <class name="org.hcode.tests.CarDetailsTests">
        <test-method is-config="true" signature="setUp()[pri:0, instance:org.hcode.tests.CarDetailsTests@2c1b194a]" started-at="2024-04-15T00:17:17 IST" name="setUp" finished-at="2024-04-15T00:17:57 IST" duration-ms="40412" status="PASS">
          <reporter-output>
          </reporter-output>
        </test-method> <!-- setUp -->
        <test-method signature="printCarDataTest()[pri:0, instance:org.hcode.tests.CarDetailsTests@2c1b194a]" started-at="2024-04-15T00:17:57 IST" name="printCarDataTest" finished-at="2024-04-15T00:18:17 IST" duration-ms="19728" status="PASS">
          <reporter-output>
          </reporter-output>
        </test-method> <!-- printCarDataTest -->
        <test-method is-config="true" signature="tearDown()[pri:0, instance:org.hcode.tests.CarDetailsTests@2c1b194a]" started-at="2024-04-15T00:18:17 IST" name="tearDown" finished-at="2024-04-15T00:18:18 IST" duration-ms="1020" status="PASS">
          <reporter-output>
          </reporter-output>
        </test-method> <!-- tearDown -->
      </class> <!-- org.hcode.tests.CarDetailsTests -->
      <class name="org.hcode.tests.UploadTestCases">
        <test-method is-config="true" signature="setUp()[pri:0, instance:org.hcode.tests.UploadTestCases@66d3eec0]" started-at="2024-04-15T00:17:17 IST" name="setUp" finished-at="2024-04-15T00:17:41 IST" duration-ms="24188" status="PASS">
          <reporter-output>
          </reporter-output>
        </test-method> <!-- setUp -->
        <test-method signature="clickUploadExists()[pri:0, instance:org.hcode.tests.UploadTestCases@66d3eec0]" started-at="2024-04-15T00:17:41 IST" name="clickUploadExists" finished-at="2024-04-15T00:17:44 IST" duration-ms="3263" status="PASS">
          <reporter-output>
          </reporter-output>
        </test-method> <!-- clickUploadExists -->
        <test-method is-config="true" signature="tearDown()[pri:0, instance:org.hcode.tests.UploadTestCases@66d3eec0]" started-at="2024-04-15T00:17:44 IST" name="tearDown" finished-at="2024-04-15T00:17:54 IST" duration-ms="9439" status="PASS">
          <reporter-output>
          </reporter-output>
        </test-method> <!-- tearDown -->
        <test-method is-config="true" signature="setUp()[pri:0, instance:org.hcode.tests.UploadTestCases@66d3eec0]" started-at="2024-04-15T00:18:07 IST" name="setUp" finished-at="2024-04-15T00:18:15 IST" duration-ms="7818" status="PASS">
          <reporter-output>
          </reporter-output>
        </test-method> <!-- setUp -->
        <test-method signature="testFileUpload(java.lang.String)[pri:0, instance:org.hcode.tests.UploadTestCases@66d3eec0]" started-at="2024-04-15T00:18:15 IST" name="testFileUpload" data-provider="filePaths" finished-at="2024-04-15T00:18:18 IST" depends-on-methods="org.hcode.tests.UploadTestCases.clickUploadExists" duration-ms="2632" status="PASS">
          <params>
            <param index="0">
              <value>
                <![CDATA[C:\Users\dev\Desktop\pratham\cbimage (4).png]]>
              </value>
            </param>
          </params>
          <reporter-output>
          </reporter-output>
        </test-method> <!-- testFileUpload -->
        <test-method is-config="true" signature="tearDown()[pri:0, instance:org.hcode.tests.UploadTestCases@66d3eec0]" started-at="2024-04-15T00:18:18 IST" name="tearDown" finished-at="2024-04-15T00:18:18 IST" duration-ms="775" status="PASS">
          <reporter-output>
          </reporter-output>
        </test-method> <!-- tearDown -->
      </class> <!-- org.hcode.tests.UploadTestCases -->
      <class name="org.hcode.tests.CommonWebElementsTests">
        <test-method is-config="true" signature="setUp()[pri:0, instance:org.hcode.tests.CommonWebElementsTests@4dbb42b7]" started-at="2024-04-15T00:17:17 IST" name="setUp" finished-at="2024-04-15T00:18:02 IST" duration-ms="44841" status="PASS">
          <reporter-output>
          </reporter-output>
        </test-method> <!-- setUp -->
        <test-method is-config="true" signature="setUp()[pri:0, instance:org.hcode.tests.CommonWebElementsTests@4dbb42b7]" started-at="2024-04-15T00:17:17 IST" name="setUp" finished-at="2024-04-15T00:17:57 IST" duration-ms="40520" status="PASS">
          <reporter-output>
          </reporter-output>
        </test-method> <!-- setUp -->
        <test-method signature="clickHatchBack()[pri:0, instance:org.hcode.tests.CommonWebElementsTests@4dbb42b7]" started-at="2024-04-15T00:17:57 IST" name="clickHatchBack" finished-at="2024-04-15T00:17:58 IST" duration-ms="971" status="PASS">
          <reporter-output>
          </reporter-output>
        </test-method> <!-- clickHatchBack -->
        <test-method is-config="true" signature="tearDown()[pri:0, instance:org.hcode.tests.CommonWebElementsTests@4dbb42b7]" started-at="2024-04-15T00:17:58 IST" name="tearDown" finished-at="2024-04-15T00:18:00 IST" duration-ms="2080" status="PASS">
          <reporter-output>
          </reporter-output>
        </test-method> <!-- tearDown -->
        <test-method signature="commonTest()[pri:0, instance:org.hcode.tests.CommonWebElementsTests@4dbb42b7]" started-at="2024-04-15T00:18:02 IST" name="commonTest" finished-at="2024-04-15T00:18:02 IST" duration-ms="777" status="PASS">
          <reporter-output>
          </reporter-output>
        </test-method> <!-- commonTest -->
        <test-method is-config="true" signature="tearDown()[pri:0, instance:org.hcode.tests.CommonWebElementsTests@4dbb42b7]" started-at="2024-04-15T00:18:02 IST" name="tearDown" finished-at="2024-04-15T00:18:05 IST" duration-ms="2874" status="PASS">
          <reporter-output>
          </reporter-output>
        </test-method> <!-- tearDown -->
      </class> <!-- org.hcode.tests.CommonWebElementsTests -->
      <class name="org.hcode.tests.WebTablesTests">
        <test-method is-config="true" signature="setUp()[pri:0, instance:org.hcode.tests.WebTablesTests@66f57048]" started-at="2024-04-15T00:17:17 IST" name="setUp" finished-at="2024-04-15T00:18:02 IST" duration-ms="44933" status="PASS">
          <reporter-output>
          </reporter-output>
        </test-method> <!-- setUp -->
        <test-method signature="findName()[pri:0, instance:org.hcode.tests.WebTablesTests@66f57048]" started-at="2024-04-15T00:18:02 IST" name="findName" finished-at="2024-04-15T00:18:02 IST" duration-ms="722" status="PASS">
          <reporter-output>
          </reporter-output>
        </test-method> <!-- findName -->
        <test-method is-config="true" signature="tearDown()[pri:0, instance:org.hcode.tests.WebTablesTests@66f57048]" started-at="2024-04-15T00:18:02 IST" name="tearDown" finished-at="2024-04-15T00:18:05 IST" duration-ms="2716" status="PASS">
          <reporter-output>
          </reporter-output>
        </test-method> <!-- tearDown -->
      </class> <!-- org.hcode.tests.WebTablesTests -->
    </test> <!-- Test -->
  </suite> <!-- Suite -->
</testng-results>
